<?xml version="1.0" encoding="UTF-8"?>
<!-- Generated by org.testng.reporters.JUnitReportReporter -->
<testsuite name="com.parameters.ParameterTest" tests="1" time="26.217" ignored="0" failures="0" timestamp="20 Jul 2018 11:31:19 GMT" skipped="0" hostname="Sony-PC" errors="0">
  <testcase name="yahooLoinTest" time="26.217" classname="com.parameters.ParameterTest"/>
</testsuite> <!-- com.parameters.ParameterTest -->
