<?xml version="1.0" encoding="UTF-8"?>
<!-- Generated by org.testng.reporters.JUnitReportReporter -->
<testsuite name="Day1.Test" tests="1" time="0.000" ignored="0" failures="0" timestamp="20 Jul 2018 11:31:19 GMT" skipped="0" hostname="Sony-PC" errors="0">
  <testcase name="read" time="0.000" classname="Day1.Test"/>
</testsuite> <!-- Day1.Test -->
